<?xml version="1.0" encoding="UTF-8"?>
<coverage generated="1645381395">
  <project timestamp="1645381395">
    <file name="/mnt/f/git-projects/wordle-php/src/Wordle/Generators/BaseGenerator.php">
      <class name="Wordle\Generators\BaseGenerator" namespace="global">
        <metrics complexity="5" methods="4" coveredmethods="4" conditionals="0" coveredconditionals="0" statements="13" coveredstatements="13" elements="17" coveredelements="17"/>
      </class>
      <line num="46" type="method" name="__construct" visibility="public" complexity="1" crap="1" count="8"/>
      <line num="48" type="stmt" count="8"/>
      <line num="51" type="method" name="generateWord" visibility="public" complexity="1" crap="1" count="6"/>
      <line num="53" type="stmt" count="6"/>
      <line num="56" type="stmt" count="6"/>
      <line num="57" type="stmt" count="6"/>
      <line num="59" type="stmt" count="6"/>
      <line num="61" type="stmt" count="6"/>
      <line num="63" type="stmt" count="6"/>
      <line num="66" type="stmt" count="6"/>
      <line num="76" type="method" name="getWordPosition" visibility="protected" complexity="2" crap="2" count="5"/>
      <line num="78" type="stmt" count="5"/>
      <line num="79" type="stmt" count="1"/>
      <line num="82" type="stmt" count="4"/>
      <line num="90" type="method" name="getWordFile" visibility="protected" complexity="1" crap="1" count="6"/>
      <line num="92" type="stmt" count="6"/>
      <line num="94" type="stmt" count="6"/>
      <metrics loc="96" ncloc="55" classes="1" methods="4" coveredmethods="4" conditionals="0" coveredconditionals="0" statements="13" coveredstatements="13" elements="17" coveredelements="17"/>
    </file>
    <file name="/mnt/f/git-projects/wordle-php/src/Wordle/Generators/DailyWordGenerator.php">
      <class name="Wordle\Generators\DailyWordGenerator" namespace="global">
        <metrics complexity="4" methods="4" coveredmethods="4" conditionals="0" coveredconditionals="0" statements="7" coveredstatements="7" elements="11" coveredelements="11"/>
      </class>
      <line num="17" type="method" name="__construct" visibility="public" complexity="1" crap="1" count="2"/>
      <line num="19" type="stmt" count="2"/>
      <line num="20" type="stmt" count="2"/>
      <line num="29" type="method" name="setDate" visibility="public" complexity="1" crap="1" count="2"/>
      <line num="31" type="stmt" count="2"/>
      <line num="34" type="method" name="getWordPosition" visibility="protected" complexity="1" crap="1" count="1"/>
      <line num="37" type="stmt" count="1"/>
      <line num="39" type="stmt" count="1"/>
      <line num="42" type="method" name="getShareString" visibility="public" complexity="1" crap="1" count="1"/>
      <line num="44" type="stmt" count="1"/>
      <line num="46" type="stmt" count="1"/>
      <metrics loc="48" ncloc="33" classes="1" methods="4" coveredmethods="4" conditionals="0" coveredconditionals="0" statements="7" coveredstatements="7" elements="11" coveredelements="11"/>
    </file>
    <file name="/mnt/f/git-projects/wordle-php/src/Wordle/Generators/GeneratorInterface.php">
      <metrics loc="23" ncloc="10" classes="0" methods="0" coveredmethods="0" conditionals="0" coveredconditionals="0" statements="0" coveredstatements="0" elements="0" coveredelements="0"/>
    </file>
    <file name="/mnt/f/git-projects/wordle-php/src/Wordle/Generators/RandomWordGenerator.php">
      <class name="Wordle\Generators\RandomWordGenerator" namespace="global">
        <metrics complexity="2" methods="2" coveredmethods="2" conditionals="0" coveredconditionals="0" statements="3" coveredstatements="3" elements="5" coveredelements="5"/>
      </class>
      <line num="10" type="method" name="getShareString" visibility="public" complexity="1" crap="1" count="2"/>
      <line num="12" type="stmt" count="2"/>
      <line num="22" type="method" name="setWordIndex" visibility="public" complexity="1" crap="1" count="1"/>
      <line num="24" type="stmt" count="1"/>
      <line num="25" type="stmt" count="1"/>
      <metrics loc="27" ncloc="17" classes="1" methods="2" coveredmethods="2" conditionals="0" coveredconditionals="0" statements="3" coveredstatements="3" elements="5" coveredelements="5"/>
    </file>
    <file name="/mnt/f/git-projects/wordle-php/src/Wordle/Output/FinalResultOutput.php">
      <class name="Wordle\Output\FinalResultOutput" namespace="global">
        <metrics complexity="3" methods="3" coveredmethods="3" conditionals="0" coveredconditionals="0" statements="10" coveredstatements="10" elements="13" coveredelements="13"/>
      </class>
      <line num="33" type="method" name="addWordleAttempt" visibility="public" complexity="1" crap="1" count="5"/>
      <line num="35" type="stmt" count="5"/>
      <line num="36" type="stmt" count="5"/>
      <line num="37" type="stmt" count="5"/>
      <line num="39" type="stmt" count="5"/>
      <line num="49" type="method" name="setShareString" visibility="public" complexity="1" crap="1" count="10"/>
      <line num="51" type="stmt" count="10"/>
      <line num="54" type="method" name="getOutput" visibility="public" complexity="1" crap="1" count="6"/>
      <line num="56" type="stmt" count="6"/>
      <line num="57" type="stmt" count="6"/>
      <line num="58" type="stmt" count="6"/>
      <line num="59" type="stmt" count="6"/>
      <line num="60" type="stmt" count="6"/>
      <metrics loc="64" ncloc="35" classes="1" methods="3" coveredmethods="3" conditionals="0" coveredconditionals="0" statements="10" coveredstatements="10" elements="13" coveredelements="13"/>
    </file>
    <file name="/mnt/f/git-projects/wordle-php/src/Wordle/Output/KeyboardOutput.php">
      <class name="Wordle\Output\KeyboardOutput" namespace="global">
        <metrics complexity="5" methods="3" coveredmethods="3" conditionals="0" coveredconditionals="0" statements="15" coveredstatements="15" elements="18" coveredelements="18"/>
      </class>
      <line num="43" type="method" name="colorCharKey" visibility="public" complexity="3" crap="3" count="5"/>
      <line num="45" type="stmt" count="5"/>
      <line num="46" type="stmt" count="5"/>
      <line num="47" type="stmt" count="5"/>
      <line num="51" type="method" name="getOutput" visibility="public" complexity="1" crap="1" count="7"/>
      <line num="60" type="stmt" count="7"/>
      <line num="61" type="stmt" count="7"/>
      <line num="62" type="stmt" count="7"/>
      <line num="64" type="stmt" count="7"/>
      <line num="65" type="stmt" count="7"/>
      <line num="67" type="stmt" count="7"/>
      <line num="68" type="stmt" count="7"/>
      <line num="70" type="stmt" count="7"/>
      <line num="80" type="method" name="getKeyboardLine" visibility="private" complexity="1" crap="1" count="7"/>
      <line num="82" type="stmt" count="7"/>
      <line num="83" type="stmt" count="7"/>
      <line num="84" type="stmt" count="7"/>
      <line num="86" type="stmt" count="7"/>
      <metrics loc="88" ncloc="48" classes="1" methods="3" coveredmethods="3" conditionals="0" coveredconditionals="0" statements="15" coveredstatements="15" elements="18" coveredelements="18"/>
    </file>
    <file name="/mnt/f/git-projects/wordle-php/src/Wordle/Output/OutputFormatter.php">
      <class name="Wordle\Output\OutputFormatter" namespace="global">
        <metrics complexity="8" methods="2" coveredmethods="2" conditionals="0" coveredconditionals="0" statements="21" coveredstatements="21" elements="23" coveredelements="23"/>
      </class>
      <line num="46" type="method" name="formatString" visibility="public" complexity="7" crap="7" count="14"/>
      <line num="48" type="stmt" count="14"/>
      <line num="51" type="stmt" count="14"/>
      <line num="52" type="stmt" count="8"/>
      <line num="53" type="stmt" count="8"/>
      <line num="54" type="stmt" count="9"/>
      <line num="55" type="stmt" count="2"/>
      <line num="56" type="stmt" count="2"/>
      <line num="57" type="stmt" count="8"/>
      <line num="58" type="stmt" count="3"/>
      <line num="59" type="stmt" count="3"/>
      <line num="60" type="stmt" count="6"/>
      <line num="61" type="stmt" count="4"/>
      <line num="62" type="stmt" count="4"/>
      <line num="63" type="stmt" count="2"/>
      <line num="64" type="stmt" count="1"/>
      <line num="65" type="stmt" count="1"/>
      <line num="68" type="stmt" count="14"/>
      <line num="70" type="stmt" count="14"/>
      <line num="71" type="stmt" count="13"/>
      <line num="74" type="stmt" count="14"/>
      <line num="84" type="method" name="format" visibility="private" complexity="1" crap="1" count="13"/>
      <line num="86" type="stmt" count="13"/>
      <metrics loc="88" ncloc="61" classes="1" methods="2" coveredmethods="2" conditionals="0" coveredconditionals="0" statements="21" coveredstatements="21" elements="23" coveredelements="23"/>
    </file>
    <file name="/mnt/f/git-projects/wordle-php/src/Wordle/Output/OutputHandler.php">
      <class name="Wordle\Output\OutputHandler" namespace="global">
        <metrics complexity="12" methods="5" coveredmethods="5" conditionals="0" coveredconditionals="0" statements="41" coveredstatements="41" elements="46" coveredelements="46"/>
      </class>
      <line num="45" type="method" name="__construct" visibility="public" complexity="1" crap="1" count="9"/>
      <line num="47" type="stmt" count="9"/>
      <line num="48" type="stmt" count="9"/>
      <line num="49" type="stmt" count="9"/>
      <line num="51" type="stmt" count="9"/>
      <line num="61" type="method" name="addTemporaryOutput" visibility="public" complexity="1" crap="1" count="3"/>
      <line num="63" type="stmt" count="3"/>
      <line num="66" type="method" name="getOutput" visibility="public" complexity="2" crap="2" count="7"/>
      <line num="68" type="stmt" count="7"/>
      <line num="69" type="stmt" count="7"/>
      <line num="71" type="stmt" count="7"/>
      <line num="72" type="stmt" count="4"/>
      <line num="75" type="stmt" count="4"/>
      <line num="76" type="stmt" count="4"/>
      <line num="79" type="stmt" count="7"/>
      <line num="81" type="stmt" count="7"/>
      <line num="83" type="stmt" count="7"/>
      <line num="93" type="method" name="addValidGuess" visibility="public" complexity="1" crap="1" count="2"/>
      <line num="95" type="stmt" count="2"/>
      <line num="96" type="stmt" count="2"/>
      <line num="99" type="stmt" count="2"/>
      <line num="100" type="stmt" count="2"/>
      <line num="102" type="stmt" count="2"/>
      <line num="113" type="method" name="addInvalidGuess" visibility="public" complexity="7" crap="7" count="3"/>
      <line num="115" type="stmt" count="3"/>
      <line num="116" type="stmt" count="3"/>
      <line num="117" type="stmt" count="3"/>
      <line num="118" type="stmt" count="3"/>
      <line num="119" type="stmt" count="3"/>
      <line num="121" type="stmt" count="3"/>
      <line num="122" type="stmt" count="3"/>
      <line num="123" type="stmt" count="3"/>
      <line num="125" type="stmt" count="3"/>
      <line num="127" type="stmt" count="3"/>
      <line num="128" type="stmt" count="3"/>
      <line num="129" type="stmt" count="1"/>
      <line num="131" type="stmt" count="1"/>
      <line num="133" type="stmt" count="1"/>
      <line num="135" type="stmt" count="3"/>
      <line num="137" type="stmt" count="3"/>
      <line num="139" type="stmt" count="3"/>
      <line num="142" type="stmt" count="3"/>
      <line num="143" type="stmt" count="3"/>
      <line num="147" type="stmt" count="3"/>
      <line num="150" type="stmt" count="3"/>
      <line num="151" type="stmt" count="3"/>
      <metrics loc="153" ncloc="103" classes="1" methods="5" coveredmethods="5" conditionals="0" coveredconditionals="0" statements="41" coveredstatements="41" elements="46" coveredelements="46"/>
    </file>
    <file name="/mnt/f/git-projects/wordle-php/src/Wordle/Output/OutputInterface.php">
      <metrics loc="13" ncloc="8" classes="0" methods="0" coveredmethods="0" conditionals="0" coveredconditionals="0" statements="0" coveredstatements="0" elements="0" coveredelements="0"/>
    </file>
    <file name="/mnt/f/git-projects/wordle-php/src/Wordle/Output/WordleOutput.php">
      <class name="Wordle\Output\WordleOutput" namespace="global">
        <metrics complexity="2" methods="2" coveredmethods="2" conditionals="0" coveredconditionals="0" statements="2" coveredstatements="2" elements="4" coveredelements="4"/>
      </class>
      <line num="24" type="method" name="addWordleAttempt" visibility="public" complexity="1" crap="1" count="5"/>
      <line num="26" type="stmt" count="5"/>
      <line num="29" type="method" name="getOutput" visibility="public" complexity="1" crap="1" count="8"/>
      <line num="31" type="stmt" count="8"/>
      <metrics loc="33" ncloc="18" classes="1" methods="2" coveredmethods="2" conditionals="0" coveredconditionals="0" statements="2" coveredstatements="2" elements="4" coveredelements="4"/>
    </file>
    <file name="/mnt/f/git-projects/wordle-php/src/Wordle/Validator.php">
      <class name="Wordle\Validator" namespace="global">
        <metrics complexity="6" methods="4" coveredmethods="4" conditionals="0" coveredconditionals="0" statements="8" coveredstatements="8" elements="12" coveredelements="12"/>
      </class>
      <line num="27" type="method" name="__construct" visibility="public" complexity="1" crap="1" count="8"/>
      <line num="30" type="stmt" count="8"/>
      <line num="34" type="stmt" count="8"/>
      <line num="44" type="method" name="validateRealWord" visibility="public" complexity="3" crap="3" count="4"/>
      <line num="46" type="stmt" count="4"/>
      <line num="47" type="stmt" count="4"/>
      <line num="48" type="stmt" count="3"/>
      <line num="51" type="stmt" count="2"/>
      <line num="61" type="method" name="setWord" visibility="public" complexity="1" crap="1" count="7"/>
      <line num="63" type="stmt" count="7"/>
      <line num="73" type="method" name="validateGuess" visibility="public" complexity="1" crap="1" count="5"/>
      <line num="75" type="stmt" count="5"/>
      <metrics loc="77" ncloc="39" classes="1" methods="4" coveredmethods="4" conditionals="0" coveredconditionals="0" statements="8" coveredstatements="8" elements="12" coveredelements="12"/>
    </file>
    <file name="/mnt/f/git-projects/wordle-php/src/Wordle/Wordle.php">
      <class name="Wordle\Wordle" namespace="global">
        <metrics complexity="8" methods="4" coveredmethods="4" conditionals="0" coveredconditionals="0" statements="22" coveredstatements="22" elements="26" coveredelements="26"/>
      </class>
      <line num="45" type="method" name="__construct" visibility="public" complexity="1" crap="1" count="5"/>
      <line num="47" type="stmt" count="5"/>
      <line num="48" type="stmt" count="5"/>
      <line num="49" type="stmt" count="5"/>
      <line num="50" type="stmt" count="5"/>
      <line num="60" type="method" name="attemptGuess" visibility="public" complexity="5" crap="5" count="4"/>
      <line num="62" type="stmt" count="4"/>
      <line num="63" type="stmt" count="1"/>
      <line num="66" type="stmt" count="3"/>
      <line num="68" type="stmt" count="3"/>
      <line num="69" type="stmt" count="1"/>
      <line num="70" type="stmt" count="1"/>
      <line num="74" type="stmt" count="1"/>
      <line num="77" type="stmt" count="2"/>
      <line num="78" type="stmt" count="1"/>
      <line num="79" type="stmt" count="1"/>
      <line num="83" type="stmt" count="1"/>
      <line num="86" type="stmt" count="2"/>
      <line num="88" type="stmt" count="2"/>
      <line num="89" type="stmt" count="1"/>
      <line num="91" type="stmt" count="2"/>
      <line num="94" type="stmt" count="2"/>
      <line num="102" type="method" name="getOutput" visibility="public" complexity="1" crap="1" count="3"/>
      <line num="104" type="stmt" count="3"/>
      <line num="114" type="method" name="isValidGuess" visibility="public" complexity="1" crap="1" count="1"/>
      <line num="116" type="stmt" count="1"/>
      <metrics loc="118" ncloc="71" classes="1" methods="4" coveredmethods="4" conditionals="0" coveredconditionals="0" statements="22" coveredstatements="22" elements="26" coveredelements="26"/>
    </file>
    <metrics files="12" loc="828" ncloc="498" classes="10" methods="33" coveredmethods="33" conditionals="0" coveredconditionals="0" statements="142" coveredstatements="142" elements="175" coveredelements="175"/>
  </project>
</coverage>
